[12:43:56.444 Verbose] - BuildManager - C:\Program Files (x86)\Microsoft Visual Studio\2019\Enterprise\MSBuild\Current\Bin\Roslyn\Microsoft.Managed.Core.targets(150,5): error MSB3491: Could not write lines to file "C:\Users\user\Documents\Ricardo\Important Documents\Companies\Interview\Kiri-Getgo\Getgo-Backend-Engineer-Test\CarSharingBooking\.vs\CarSharingBooking\v16\lut\0\i\CarSharingBookingTests\Debug\netcoreapp3.1\CarSharingBookingTests.GeneratedMSBuildEditorConfig.editorconfig". Path: C:\Users\user\Documents\Ricardo\Important Documents\Companies\Interview\Kiri-Getgo\Getgo-Backend-Engineer-Test\CarSharingBooking\.vs\CarSharingBooking\v16\lut\0\i\CarSharingBookingTests\Debug\netcoreapp3.1\CarSharingBookingTests.GeneratedMSBuildEditorConfig.editorconfig exceeds the OS max path limit. The fully qualified file name must be less than 260 characters.
[12:43:56.450 Verbose] - BuildManager - Some of the file paths defined in the csproj under the Live Unit Testing build path are missing. Verify whether these files should be present under the Live Unit Testing build path and if necessary update the csproj definition to look these files up in a different place.
[12:43:56.450 Verbose] - BuildManager - Item _OutputPathItem 'C:\Users\user\Documents\Ricardo\Important Documents\Companies\Interview\Kiri-Getgo\Getgo-Backend-Engineer-Test\CarSharingBooking\.vs\CarSharingBooking\v16\lut\0\b\CarSharingBookingTests\Debug\netcoreapp3.1\' evaluated via:
_OutputPathItem: '$(OutDir)' @ C:\Program Files (x86)\Microsoft Visual Studio\2019\Enterprise\MSBuild\Current\Bin\Microsoft.Common.CurrentVersion.targets:310
  OutDir: '$(OutputPath)' @ C:\Program Files (x86)\Microsoft Visual Studio\2019\Enterprise\MSBuild\Current\Bin\Microsoft.Common.CurrentVersion.targets:228
    OutputPath: '$(OutputPath)$(TargetFramework.ToLowerInvariant())\' @ C:\Program Files\dotnet\sdk\5.0.403\Sdks\Microsoft.NET.Sdk\targets\Microsoft.NET.TargetFrameworkInference.targets:242
      OutputPath: '$(BaseOutputPath)$(Configuration)\' @ C:\Program Files\dotnet\sdk\5.0.403\Sdks\Microsoft.NET.Sdk\targets\Microsoft.NET.DefaultOutputPaths.targets:33
        BaseOutputPath: 'C:\Users\user\Documents\Ricardo\Important Documents\Companies\Interview\Kiri-Getgo\Getgo-Backend-Engineer-Test\CarSharingBooking\.vs\CarSharingBooking\v16\lut\0\b\CarSharingBookingTests\' @ C:\Users\user\Documents\Ricardo\Important Documents\Companies\Interview\Kiri-Getgo\Getgo-Backend-Engineer-Test\CarSharingBooking\CarSharingBookingTests\CarSharingBookingTests.csproj:0
        Configuration: 'Debug'
[12:43:56.451 Verbose] - BuildManager - Item AppConfigFileDestination 'C:\Users\user\Documents\Ricardo\Important Documents\Companies\Interview\Kiri-Getgo\Getgo-Backend-Engineer-Test\CarSharingBooking\.vs\CarSharingBooking\v16\lut\0\b\CarSharingBookingTests\Debug\netcoreapp3.1\CarSharingBookingTests.dll.config' evaluated via:
AppConfigFileDestination: '$(OutDir)$(TargetFileName).config' @ C:\Program Files (x86)\Microsoft Visual Studio\2019\Enterprise\MSBuild\Current\Bin\Microsoft.Common.CurrentVersion.targets:338
  OutDir: '$(OutputPath)' @ C:\Program Files (x86)\Microsoft Visual Studio\2019\Enterprise\MSBuild\Current\Bin\Microsoft.Common.CurrentVersion.targets:228
    OutputPath: '$(OutputPath)$(TargetFramework.ToLowerInvariant())\' @ C:\Program Files\dotnet\sdk\5.0.403\Sdks\Microsoft.NET.Sdk\targets\Microsoft.NET.TargetFrameworkInference.targets:242
      OutputPath: '$(BaseOutputPath)$(Configuration)\' @ C:\Program Files\dotnet\sdk\5.0.403\Sdks\Microsoft.NET.Sdk\targets\Microsoft.NET.DefaultOutputPaths.targets:33
        BaseOutputPath: 'C:\Users\user\Documents\Ricardo\Important Documents\Companies\Interview\Kiri-Getgo\Getgo-Backend-Engineer-Test\CarSharingBooking\.vs\CarSharingBooking\v16\lut\0\b\CarSharingBookingTests\' @ C:\Users\user\Documents\Ricardo\Important Documents\Companies\Interview\Kiri-Getgo\Getgo-Backend-Engineer-Test\CarSharingBooking\CarSharingBookingTests\CarSharingBookingTests.csproj:0
        Configuration: 'Debug'
  TargetFileName: '$(TargetName)$(TargetExt)' @ C:\Program Files (x86)\Microsoft Visual Studio\2019\Enterprise\MSBuild\Current\Bin\Microsoft.Common.CurrentVersion.targets:248
    TargetName: '$(AssemblyName)' @ C:\Program Files (x86)\Microsoft Visual Studio\2019\Enterprise\MSBuild\Current\Bin\Microsoft.Common.CurrentVersion.targets:240
      AssemblyName: '$(MSBuildProjectName)' @ C:\Program Files\dotnet\sdk\5.0.403\Sdks\Microsoft.NET.Sdk\targets\Microsoft.NET.Sdk.props:32
        MSBuildProjectName: 'CarSharingBookingTests'
    TargetExt: '.dll' @ C:\Program Files\dotnet\sdk\5.0.403\Sdks\Microsoft.NET.Sdk\targets\Microsoft.NET.Sdk.BeforeCommon.targets:99
[12:43:56.451 Verbose] - BuildManager - Item _DebugSymbolsOutputPath 'C:\Users\user\Documents\Ricardo\Important Documents\Companies\Interview\Kiri-Getgo\Getgo-Backend-Engineer-Test\CarSharingBooking\.vs\CarSharingBooking\v16\lut\0\b\CarSharingBookingTests\Debug\netcoreapp3.1\CarSharingBookingTests.pdb' evaluated via:
_DebugSymbolsOutputPath: '@(_DebugSymbolsIntermediatePath->'$(OutDir)%(Filename)%(Extension)')' @ C:\Program Files (x86)\Microsoft Visual Studio\2019\Enterprise\MSBuild\Current\Bin\Microsoft.Common.CurrentVersion.targets:404
  OutDir: '$(OutputPath)' @ C:\Program Files (x86)\Microsoft Visual Studio\2019\Enterprise\MSBuild\Current\Bin\Microsoft.Common.CurrentVersion.targets:228
    OutputPath: '$(OutputPath)$(TargetFramework.ToLowerInvariant())\' @ C:\Program Files\dotnet\sdk\5.0.403\Sdks\Microsoft.NET.Sdk\targets\Microsoft.NET.TargetFrameworkInference.targets:242
      OutputPath: '$(BaseOutputPath)$(Configuration)\' @ C:\Program Files\dotnet\sdk\5.0.403\Sdks\Microsoft.NET.Sdk\targets\Microsoft.NET.DefaultOutputPaths.targets:33
        BaseOutputPath: 'C:\Users\user\Documents\Ricardo\Important Documents\Companies\Interview\Kiri-Getgo\Getgo-Backend-Engineer-Test\CarSharingBooking\.vs\CarSharingBooking\v16\lut\0\b\CarSharingBookingTests\' @ C:\Users\user\Documents\Ricardo\Important Documents\Companies\Interview\Kiri-Getgo\Getgo-Backend-Engineer-Test\CarSharingBooking\CarSharingBookingTests\CarSharingBookingTests.csproj:0
        Configuration: 'Debug'
[12:43:56.451 Verbose] - BuildManager - Item _ApplicationManifestFinal 'C:\Users\user\Documents\Ricardo\Important Documents\Companies\Interview\Kiri-Getgo\Getgo-Backend-Engineer-Test\CarSharingBooking\.vs\CarSharingBooking\v16\lut\0\b\CarSharingBookingTests\Debug\netcoreapp3.1\Native.CarSharingBookingTests.manifest' evaluated via:
_ApplicationManifestFinal: '$(OutDir)$(_DeploymentTargetApplicationManifestFileName)' @ C:\Program Files (x86)\Microsoft Visual Studio\2019\Enterprise\MSBuild\Current\Bin\Microsoft.Common.CurrentVersion.targets:442
  OutDir: '$(OutputPath)' @ C:\Program Files (x86)\Microsoft Visual Studio\2019\Enterprise\MSBuild\Current\Bin\Microsoft.Common.CurrentVersion.targets:228
    OutputPath: '$(OutputPath)$(TargetFramework.ToLowerInvariant())\' @ C:\Program Files\dotnet\sdk\5.0.403\Sdks\Microsoft.NET.Sdk\targets\Microsoft.NET.TargetFrameworkInference.targets:242
      OutputPath: '$(BaseOutputPath)$(Configuration)\' @ C:\Program Files\dotnet\sdk\5.0.403\Sdks\Microsoft.NET.Sdk\targets\Microsoft.NET.DefaultOutputPaths.targets:33
        BaseOutputPath: 'C:\Users\user\Documents\Ricardo\Important Documents\Companies\Interview\Kiri-Getgo\Getgo-Backend-Engineer-Test\CarSharingBooking\.vs\CarSharingBooking\v16\lut\0\b\CarSharingBookingTests\' @ C:\Users\user\Documents\Ricardo\Important Documents\Companies\Interview\Kiri-Getgo\Getgo-Backend-Engineer-Test\CarSharingBooking\CarSharingBookingTests\CarSharingBookingTests.csproj:0
        Configuration: 'Debug'
  _DeploymentTargetApplicationManifestFileName: 'Native.$(AssemblyName).manifest' @ C:\Program Files (x86)\Microsoft Visual Studio\2019\Enterprise\MSBuild\Current\Bin\Microsoft.Common.CurrentVersion.targets:264
    AssemblyName: '$(MSBuildProjectName)' @ C:\Program Files\dotnet\sdk\5.0.403\Sdks\Microsoft.NET.Sdk\targets\Microsoft.NET.Sdk.props:32
      MSBuildProjectName: 'CarSharingBookingTests'
